1543624104032	mozrunner::runner	INFO	Running command: "C:\\Program Files\\Mozilla Firefox\\firefox.exe" "-marionette" "-foreground" "-no-remote" "-profile" "C:\\Users\\SOUMYA~1\\AppData\\Local\\Temp\\rust_mozprofile.kKkGdRLSYsr4"
[Child 9212, Chrome_ChildThread] WARNING: pipe error: 109: file z:/build/build/src/ipc/chromium/src/chrome/common/ipc_channel_win.cc, line 346
[Child 921543624121071	Marionette	INFO	Listening on port 52022
1543624121380	Marionette	WARN	TLS certificate errors will be ignored for this session
console.error: "Tried to send a 'tabDetached' event on an already destroyed actor 'frameTarget'"
IPDL protocol error: Handler returned error code!

###!!! [Parent][DispatchAsyncMessage] Error: PLayerTransaction::Msg_ReleaseLayer Processing error: message was deserialized, but the handler returned false (indicating failure)

IPDL protocol error: Handler returned error code!

###!!! [Parent][DispatchAsyncMessage] Error: PLayerTransaction::Msg_ReleaseLayer Processing error: message was deserialized, but the handler returned false (indicating failure)

IPDL protocol error: Handler returned error code!

###!!! [Parent][DispatchAsyncMessage] Error: PLayerTransaction::Msg_ReleaseLayer Processing error: message was deserialized, but the handler returned false (indicating failure)

IPDL protocol error: Handler returned error code!

###!!! [Parent][DispatchAsyncMessage] Error: PLayerTransaction::Msg_ReleaseLayer Processing error: message was deserialized, but the handler returned false (indicating failure)

IPDL protocol error: Handler returned error code!

###!!! [Parent][DispatchAsyncMessage] Error: PLayerTransaction::Msg_ReleaseLayer Processing error: message was deserialized, but the handler returned false (indicating failure)

[Parent 7304, Gecko_IOThread] WARNING: pipe error: 109: file z:/build/build/src/ipc/chromium/src/chrome/common/ipc_channel_win.cc, line 346
[Parent 7304, Gecko_IOThread] WARNING: pipe error: 109: file z:/build/build/src/ipc/chromium/src/chrome/common/ipc_channel_win.cc, line 346
[Child 11136, Chrome_ChildThread] WARNING: pipe error: 109: file z:/build/build/src/ipc/chromium/src/chrome/common/ipc_channel_win.cc, line 346[
Child 12732, Chrome_[CChild 11136, Chrome_hildThread] WARNING: pipe error: 109: file z:/build/build/src/ipc/chromium/src/chrome/common/ipc_channel_win.cc, line 346
[Child1543624179721	Marionette	INFO	Stopped listening on port 52022

###!!! [Child][RunMessage] Error: Channel closing: too late to send/recv, messages will be lost

[GPU 8040,
###!!! [Parent][DispatchAsyncMessage] Error: PClientSource::Msg_Teardown Route error: message sent to unknown actor ID


###!!! [Parent][DispatchAsyncMessage] Error: PClientSource::Msg_Teardown Route error: message sent to unknown actor ID


###!!! [Parent][DispatchAsyncMessage] Error: PClientSource::Msg_Teardown Route error: message sent to unknown actor ID


###!!! [Parent][DispatchAsyncMessage] Error: PClientManager::Msg_Teardown Route error: message sent to unknown actor ID


###!!! [Parent][DispatchAsyncMessage] Error: PClientManager::Msg_Teardown Route error: message sent to unknown actor ID


###!!! [Parent][DispatchAsyncMessage] Error: PClientManager::Msg_Teardown Route error: message sent to unknown actor ID


###!!! [Child][MessageChannel::SendAndWait] Error: Channel error: cannot send/recv

1543624184349	mozrunner::runner	INFO	Running command: "C:\\Program Files\\Mozilla Firefox\\firefox.exe" "-marionette" "-foreground" "-no-remote" "-profile" "C:\\Users\\SOUMYA~1\\AppData\\Local\\Temp\\rust_mozprofile.z0uCCkWCKaHx"
1543624187840	Marionette	INFO	Listening on port 52077
1543624188261	Marionette	WARN	TLS certificate errors will be ignored for this session
console.error: BroadcastService: 
  receivedBroadcastMessage: handler for
  remote-settings/monitor_changes
  threw error:
  Message: Error: Polling for changes failed: NetworkError when attempting to fetch resource..
  Stack:
    remoteSettingsFunction/remoteSettings.pollChanges@resource://services-settings/remote-settings.js:721:13

[Parent 5900, Gecko_IOThread] WARNING: pipe error: 109: file z:/build/build/src/ipc/chromium/src/chrome/common/ipc_channel_win.cc, line 346
[Child 2372, Chrome_ChildThread] WARNING: pipe error: 109: file z:/build/build/src/ipc/chromium/src/chrome/common/ipc_channel_win.cc, line 346
[Child 2372, Chrome[Parent 5900, Gecko_IOThread] WARNING: pipe error: 109: file z:/build/build/src/ipc/chromium/src/chrome/common/ipc_channel_win.cc, line 346
[Child 282
###!!! [Parent][MessageChannel] Error: (msgtype=0x190091,name=PBrowser::Msg_UpdateNativeWindowHandle) Closed channel: cannot send/recv

0, Chrome_Child
###!!! [Parent][MessageChannel] Error: (msgtype=0x190084,name=PBrowser::Msg_Destroy) Closed channel: cannot send/recv

Thread] WARNING: pipe error: 109: file z:/build/build/src/ipc/chromium/src/chrome/common/ipc_channel_win.cc, line 346
[Child 2820, Chrome_ChildThread] WARNING: pipe error: 109: file z:/build/build/src/ipc/chromium/src/chrome/common/ipc_channel_win.cc, line 346

###!!! [Child][MessageChannel] Error: (msgtype=0x190001,name=PBrowser::Msg_AsyncMessage) Closed channel: cannot send/recv

JavaScript error: resource:///actors/AboutReaderChild.jsm, line 78: NS_ERROR_UNEXPECTED: 

###!!! [Child][MessageChannel] Error: (msgtype=0x190029,name=PBrowser::Msg_EnableDisableCommands) Closed channel: cannot send/recv

[Parent 5900, Gecko_IOThread] WARNING: pipe error: 109: file z:/build/build/src/ipc/chromium/src/chrome/common/ipc_channel_win.cc, line 346
[Child 12516, Chrome_ChildThread] WARNING: pipe error: 109: file z:/build/build/src/ipc/chromium/src/chrome/common/ipc_channel_win.cc, line 346
[Child 12516, Chr
###!!! [Child][MessageChannel] Error: (msgtype=0x190015,name=PBrowser::Msg_NotifyIMEFocus) Closed channel: cannot send/recv

ome_ChildThread] WARNING: pipe error: 109: file z:/build/build/src/ipc/chr
###!!! [Child][MessageChannel] Error: (msgtype=0x19002C,name=PBrowser::Msg_SetInputContext) Closed channel: cannot send/recv


###!!! [Child][MessageChannel] Error: (msgtype=0x19002C,name=PBrowser::Msg_SetInputContext) Closed channel: cannot send/recv


###!!! [Child][MessageChannel] Error: (msgtype=0x300116,name=PContent::Msg_DetachBrowsingContext) Closed channel: cannot send/recv

ild/build/src/ipc/chromium/src/chrome/common/ipc_channel_win.cc, line 346
[Child 3512, Chrome_ChildThread] WARNING: pipe error: 109: file z:/build/build/src/ipc/chromium/src/chrome/common/ipc_channel_win.cc, line 346
[Child 351
###!!! [Child][RunMessage] Error: Channel closing: too late to send/recv, messages will be lost

[GPU 776
###!!! [Child][MessageChannel::SendAndWait] Error: Channel error: cannot send/recv

